<?xml version="1.0" encoding="UTF-8"?>
<testsuite name="javatest.FilereaderTest" tests="2" skipped="0" failures="0" errors="0" timestamp="2020-12-13T14:25:09" hostname="DESKTOP-L2D1GA5" time="0.12">
  <properties/>
  <testcase name="given_non_existent_file_when_read_then_file_not_found_exception()" classname="javatest.FilereaderTest" time="0.022"/>
  <testcase name="given_country_file_when_read_then_returned_stream_of_lines()" classname="javatest.FilereaderTest" time="0.092"/>
  <system-out><![CDATA[]]></system-out>
  <system-err><![CDATA[]]></system-err>
</testsuite>
