<?xml version="1.0" encoding="UTF-8"?>
<testsuite name="javatest.FilereaderTest" tests="2" skipped="0" failures="0" errors="0" timestamp="2020-10-19T21:30:03" hostname="DESKTOP-L2D1GA5" time="0.093">
  <properties/>
  <testcase name="givenNonExistentFile_whenRead_thenFileNotFoundExceptionWithFileName()" classname="javatest.FilereaderTest" time="0.073"/>
  <testcase name="given_country_file_when_read_then_returned_stream_of_lines()" classname="javatest.FilereaderTest" time="0.017"/>
  <system-out><![CDATA[]]></system-out>
  <system-err><![CDATA[]]></system-err>
</testsuite>
